CUDA device           : 0 NVIDIA A30X (0000:36:00.0)
Controller page size  : 4096 B
Namespace block size  : 4096 B
Number of threads     : 32
Chunks per thread     : 32
Pages per chunk       : 1
Total number of pages : 1024
Total number of blocks: 1024
Double buffering      : yes
clock rate: 1440.000 MHz
#     size;     disk_lat;      disk_bw;      mem_lat;       mem_bw;      cum_lat;       cum_bw;
    131072;       37.888;     3459.459;        8.192;    16000.000;       46.080;     2844.444;
    131072;       40.960;     3200.000;        8.192;    16000.000;       49.152;     2666.667;
    131072;       45.056;     2909.091;        8.192;    16000.000;       53.248;     2461.538;
    131072;       55.296;     2370.370;        8.192;    16000.000;       63.488;     2064.516;
    131072;       43.008;     3047.619;        8.192;    16000.000;       51.200;     2560.000;
    131072;       43.008;     3047.619;        8.192;    16000.000;       51.200;     2560.000;
    131072;       48.128;     2723.404;        8.192;    16000.000;       56.320;     2327.273;
    131072;       53.248;     2461.538;        8.192;    16000.000;       61.440;     2133.333;
    131072;       40.960;     3200.000;        9.216;    14222.222;       50.176;     2612.245;
    131072;       41.984;     3121.951;        8.192;    16000.000;       50.176;     2612.245;
    131072;       51.200;     2560.000;        8.192;    16000.000;       59.392;     2206.897;
    131072;       50.176;     2612.245;        8.192;    16000.000;       58.368;     2245.614;
    131072;       43.008;     3047.619;        8.192;    16000.000;       51.200;     2560.000;
    131072;       43.008;     3047.619;        8.192;    16000.000;       51.200;     2560.000;
    131072;       54.272;     2415.094;        8.192;    16000.000;       62.464;     2098.361;
    131072;       48.128;     2723.404;        8.192;    16000.000;       56.320;     2327.273;
    131072;       40.960;     3200.000;        8.192;    16000.000;       49.152;     2666.667;
    131072;       40.960;     3200.000;        8.192;    16000.000;       49.152;     2666.667;
    131072;       55.296;     2370.370;        8.192;    16000.000;       63.488;     2064.516;
    131072;       43.008;     3047.619;        8.192;    16000.000;       51.200;     2560.000;
    131072;       43.008;     3047.619;        8.192;    16000.000;       51.200;     2560.000;
    131072;       43.008;     3047.619;        8.192;    16000.000;       51.200;     2560.000;
    131072;       54.272;     2415.094;        9.216;    14222.222;       63.488;     2064.516;
    131072;       48.128;     2723.404;        8.192;    16000.000;       56.320;     2327.273;
    131072;       40.960;     3200.000;        8.192;    16000.000;       49.152;     2666.667;
    131072;       40.960;     3200.000;        8.192;    16000.000;       49.152;     2666.667;
    131072;       55.296;     2370.370;        8.192;    16000.000;       63.488;     2064.516;
    131072;       50.176;     2612.245;        8.192;    16000.000;       58.368;     2245.614;
    131072;       43.008;     3047.619;        8.192;    16000.000;       51.200;     2560.000;
    131072;       43.008;     3047.619;        8.192;    16000.000;       51.200;     2560.000;
    131072;       54.272;     2415.094;        8.192;    16000.000;       62.464;     2098.361;
    131072;       50.176;     2612.245;        0.000;          inf;       50.176;     2612.245;
Event time elapsed    : 2832.384 µs
Estimated bandwidth   : 1480.839 MiB/s
